[debug] [2025-08-05T09:25:02.493Z] ----------------------------------------------------------------------
[debug] [2025-08-05T09:25:02.495Z] Command:       C:\Program Files\nodejs\node.exe C:\Users\honya\AppData\Roaming\npm\node_modules\firebase-tools\lib\bin\firebase.js deploy --only functions --project website-467415
[debug] [2025-08-05T09:25:02.495Z] CLI Version:   14.11.2
[debug] [2025-08-05T09:25:02.496Z] Platform:      win32
[debug] [2025-08-05T09:25:02.496Z] Node Version:  v22.17.0
[debug] [2025-08-05T09:25:02.496Z] Time:          Tue Aug 05 2025 11:25:02 GMT+0200 (Central European Summer Time)
[debug] [2025-08-05T09:25:02.496Z] ----------------------------------------------------------------------
[debug] 
[debug] [2025-08-05T09:25:02.634Z] > command requires scopes: ["email","openid","https://www.googleapis.com/auth/cloudplatformprojects.readonly","https://www.googleapis.com/auth/firebase","https://www.googleapis.com/auth/cloud-platform"]
[debug] [2025-08-05T09:25:02.634Z] > authorizing via signed-in user (admin@candid.company)
[debug] [2025-08-05T09:25:02.635Z] [iam] checking project website-467415 for permissions ["cloudfunctions.functions.create","cloudfunctions.functions.delete","cloudfunctions.functions.get","cloudfunctions.functions.list","cloudfunctions.functions.update","cloudfunctions.operations.get","firebase.projects.get"]
[debug] [2025-08-05T09:25:02.635Z] Checked if tokens are valid: true, expires at: 1754388825584
[debug] [2025-08-05T09:25:02.635Z] Checked if tokens are valid: true, expires at: 1754388825584
[debug] [2025-08-05T09:25:02.636Z] >>> [apiv2][query] POST https://cloudresourcemanager.googleapis.com/v1/projects/website-467415:testIamPermissions [none]
[debug] [2025-08-05T09:25:02.636Z] >>> [apiv2][(partial)header] POST https://cloudresourcemanager.googleapis.com/v1/projects/website-467415:testIamPermissions x-goog-quota-user=projects/website-467415
[debug] [2025-08-05T09:25:02.636Z] >>> [apiv2][body] POST https://cloudresourcemanager.googleapis.com/v1/projects/website-467415:testIamPermissions {"permissions":["cloudfunctions.functions.create","cloudfunctions.functions.delete","cloudfunctions.functions.get","cloudfunctions.functions.list","cloudfunctions.functions.update","cloudfunctions.operations.get","firebase.projects.get"]}
[debug] [2025-08-05T09:25:03.338Z] <<< [apiv2][status] POST https://cloudresourcemanager.googleapis.com/v1/projects/website-467415:testIamPermissions 200
[debug] [2025-08-05T09:25:03.338Z] <<< [apiv2][body] POST https://cloudresourcemanager.googleapis.com/v1/projects/website-467415:testIamPermissions {"permissions":["cloudfunctions.functions.create","cloudfunctions.functions.delete","cloudfunctions.functions.get","cloudfunctions.functions.list","cloudfunctions.functions.update","cloudfunctions.operations.get","firebase.projects.get"]}
[debug] [2025-08-05T09:25:03.338Z] Checked if tokens are valid: true, expires at: 1754388825584
[debug] [2025-08-05T09:25:03.338Z] Checked if tokens are valid: true, expires at: 1754388825584
[debug] [2025-08-05T09:25:03.338Z] >>> [apiv2][query] POST https://iam.googleapis.com/v1/projects/website-467415/serviceAccounts/website-467415@appspot.gserviceaccount.com:testIamPermissions [none]
[debug] [2025-08-05T09:25:03.338Z] >>> [apiv2][body] POST https://iam.googleapis.com/v1/projects/website-467415/serviceAccounts/website-467415@appspot.gserviceaccount.com:testIamPermissions {"permissions":["iam.serviceAccounts.actAs"]}
[debug] [2025-08-05T09:25:03.990Z] <<< [apiv2][status] POST https://iam.googleapis.com/v1/projects/website-467415/serviceAccounts/website-467415@appspot.gserviceaccount.com:testIamPermissions 200
[debug] [2025-08-05T09:25:03.990Z] <<< [apiv2][body] POST https://iam.googleapis.com/v1/projects/website-467415/serviceAccounts/website-467415@appspot.gserviceaccount.com:testIamPermissions {"permissions":["iam.serviceAccounts.actAs"]}
[info] 
[info] === Deploying to 'website-467415'...
[info] 
[info] i  deploying functions 
[debug] [2025-08-05T09:25:03.993Z] Checked if tokens are valid: true, expires at: 1754388825584
[debug] [2025-08-05T09:25:03.993Z] Checked if tokens are valid: true, expires at: 1754388825584
[debug] [2025-08-05T09:25:03.993Z] >>> [apiv2][query] GET https://cloudresourcemanager.googleapis.com/v1/projects/website-467415 [none]
[debug] [2025-08-05T09:25:04.186Z] <<< [apiv2][status] GET https://cloudresourcemanager.googleapis.com/v1/projects/website-467415 200
[debug] [2025-08-05T09:25:04.186Z] <<< [apiv2][body] GET https://cloudresourcemanager.googleapis.com/v1/projects/website-467415 {"projectNumber":"713525811205","projectId":"website-467415","lifecycleState":"ACTIVE","name":"Website","labels":{"firebase":"enabled","firebase-core":"disabled"},"createTime":"2025-07-29T15:26:05.182504Z","parent":{"type":"organization","id":"525698627959"}}
[info] i  functions: preparing codebase default for deployment 
[info] i  functions: ensuring required API cloudfunctions.googleapis.com is enabled... 
[info] i  functions: ensuring required API cloudbuild.googleapis.com is enabled... 
[info] i  artifactregistry: ensuring required API artifactregistry.googleapis.com is enabled... 
[debug] [2025-08-05T09:25:04.188Z] Checked if tokens are valid: true, expires at: 1754388825584
[debug] [2025-08-05T09:25:04.188Z] Checked if tokens are valid: true, expires at: 1754388825584
[debug] [2025-08-05T09:25:04.188Z] >>> [apiv2][query] GET https://firebase.googleapis.com/v1beta1/projects/website-467415/adminSdkConfig [none]
[debug] [2025-08-05T09:25:04.419Z] <<< [apiv2][status] GET https://firebase.googleapis.com/v1beta1/projects/website-467415/adminSdkConfig 200
[debug] [2025-08-05T09:25:04.419Z] <<< [apiv2][body] GET https://firebase.googleapis.com/v1beta1/projects/website-467415/adminSdkConfig {"projectId":"website-467415","storageBucket":"website-467415.firebasestorage.app"}
[debug] [2025-08-05T09:25:04.419Z] Checked if tokens are valid: true, expires at: 1754388825584
[debug] [2025-08-05T09:25:04.419Z] Checked if tokens are valid: true, expires at: 1754388825584
[debug] [2025-08-05T09:25:04.419Z] >>> [apiv2][query] GET https://runtimeconfig.googleapis.com/v1beta1/projects/website-467415/configs [none]
[debug] [2025-08-05T09:25:04.596Z] <<< [apiv2][status] GET https://runtimeconfig.googleapis.com/v1beta1/projects/website-467415/configs 200
[debug] [2025-08-05T09:25:04.596Z] <<< [apiv2][body] GET https://runtimeconfig.googleapis.com/v1beta1/projects/website-467415/configs {"configs":[{"name":"projects/website-467415/configs/myconfig"}]}
[debug] [2025-08-05T09:25:04.596Z] Checked if tokens are valid: true, expires at: 1754388825584
[debug] [2025-08-05T09:25:04.596Z] Checked if tokens are valid: true, expires at: 1754388825584
[debug] [2025-08-05T09:25:04.596Z] >>> [apiv2][query] GET https://runtimeconfig.googleapis.com/v1beta1/projects/website-467415/configs/myconfig/variables [none]
[debug] [2025-08-05T09:25:04.751Z] <<< [apiv2][status] GET https://runtimeconfig.googleapis.com/v1beta1/projects/website-467415/configs/myconfig/variables 200
[debug] [2025-08-05T09:25:04.751Z] <<< [apiv2][body] GET https://runtimeconfig.googleapis.com/v1beta1/projects/website-467415/configs/myconfig/variables {"variables":[{"name":"projects/website-467415/configs/myconfig/variables/backend_url","updateTime":"2025-08-03T17:04:37.203849946Z"}]}
[debug] [2025-08-05T09:25:04.751Z] Checked if tokens are valid: true, expires at: 1754388825584
[debug] [2025-08-05T09:25:04.751Z] Checked if tokens are valid: true, expires at: 1754388825584
[debug] [2025-08-05T09:25:04.751Z] >>> [apiv2][query] GET https://runtimeconfig.googleapis.com/v1beta1/projects/website-467415/configs/myconfig/variables/backend_url [none]
[debug] [2025-08-05T09:25:04.905Z] <<< [apiv2][status] GET https://runtimeconfig.googleapis.com/v1beta1/projects/website-467415/configs/myconfig/variables/backend_url 200
[debug] [2025-08-05T09:25:04.905Z] <<< [apiv2][body] GET https://runtimeconfig.googleapis.com/v1beta1/projects/website-467415/configs/myconfig/variables/backend_url {"name":"projects/website-467415/configs/myconfig/variables/backend_url","updateTime":"2025-08-03T17:04:37.203849946Z","text":"https://rag-chatbot-713525811205.europe-west1.run.app/"}
[debug] [2025-08-05T09:25:04.906Z] Validating nodejs source
[debug] [2025-08-05T09:25:05.526Z] > [functions] package.json contents: {
  "dependencies": {
    "@google-cloud/secret-manager": "^6.1.0",
    "cors": "^2.8.5",
    "express": "^5.1.0"
  }
}
[debug] [2025-08-05T09:25:05.526Z] Building nodejs source
[info] i  functions: Loading and analyzing source code for codebase default to determine what to deploy 
[debug] [2025-08-05T09:25:05.527Z] Could not find functions.yaml. Must use http discovery
[debug] [2025-08-05T09:25:05.535Z] Found firebase-functions binary at 'C:\Users\honya\Documents\GitHub\chatbot\frontend\node_modules\.bin\firebase-functions'
[info] Serving at port 8498

[debug] [2025-08-05T09:25:06.761Z] Got response from /__/functions.yaml {"endpoints":{"api":{"availableMemoryMb":null,"timeoutSeconds":null,"minInstances":null,"maxInstances":null,"ingressSettings":null,"concurrency":null,"serviceAccountEmail":null,"vpc":null,"platform":"gcfv2","labels":{},"httpsTrigger":{},"entryPoint":"api"}},"specVersion":"v1alpha1","requiredAPIs":[],"extensions":{}}
[info] i  extensions: ensuring required API firebaseextensions.googleapis.com is enabled... 
[debug] [2025-08-05T09:25:10.797Z] > command requires scopes: ["email","openid","https://www.googleapis.com/auth/cloudplatformprojects.readonly","https://www.googleapis.com/auth/firebase","https://www.googleapis.com/auth/cloud-platform"]
[debug] [2025-08-05T09:25:10.797Z] > authorizing via signed-in user (admin@candid.company)
[debug] [2025-08-05T09:25:10.797Z] [iam] checking project website-467415 for permissions ["firebase.projects.get","firebaseextensions.instances.list"]
[debug] [2025-08-05T09:25:10.798Z] Checked if tokens are valid: true, expires at: 1754388825584
[debug] [2025-08-05T09:25:10.798Z] Checked if tokens are valid: true, expires at: 1754388825584
[debug] [2025-08-05T09:25:10.798Z] >>> [apiv2][query] POST https://cloudresourcemanager.googleapis.com/v1/projects/website-467415:testIamPermissions [none]
[debug] [2025-08-05T09:25:10.798Z] >>> [apiv2][(partial)header] POST https://cloudresourcemanager.googleapis.com/v1/projects/website-467415:testIamPermissions x-goog-quota-user=projects/website-467415
[debug] [2025-08-05T09:25:10.798Z] >>> [apiv2][body] POST https://cloudresourcemanager.googleapis.com/v1/projects/website-467415:testIamPermissions {"permissions":["firebase.projects.get","firebaseextensions.instances.list"]}
[debug] [2025-08-05T09:25:11.473Z] <<< [apiv2][status] POST https://cloudresourcemanager.googleapis.com/v1/projects/website-467415:testIamPermissions 200
[debug] [2025-08-05T09:25:11.473Z] <<< [apiv2][body] POST https://cloudresourcemanager.googleapis.com/v1/projects/website-467415:testIamPermissions {"permissions":["firebase.projects.get","firebaseextensions.instances.list"]}
[debug] [2025-08-05T09:25:11.474Z] Checked if tokens are valid: true, expires at: 1754388825584
[debug] [2025-08-05T09:25:11.474Z] Checked if tokens are valid: true, expires at: 1754388825584
[debug] [2025-08-05T09:25:11.474Z] >>> [apiv2][query] GET https://firebaseextensions.googleapis.com/v1beta/projects/website-467415/instances pageSize=100&pageToken=
[debug] [2025-08-05T09:25:12.196Z] <<< [apiv2][status] GET https://firebaseextensions.googleapis.com/v1beta/projects/website-467415/instances 200
[debug] [2025-08-05T09:25:12.196Z] <<< [apiv2][body] GET https://firebaseextensions.googleapis.com/v1beta/projects/website-467415/instances {}
[info] i  functions: Loaded environment variables from .env. 
[info] i  functions: preparing functions directory for uploading... 
[info] i  functions: packaged C:\Users\honya\Documents\GitHub\chatbot\frontend\functions (20.02 KB) for uploading 
[debug] [2025-08-05T09:25:12.224Z] Checked if tokens are valid: true, expires at: 1754388825584
[debug] [2025-08-05T09:25:12.224Z] Checked if tokens are valid: true, expires at: 1754388825584
[debug] [2025-08-05T09:25:12.224Z] >>> [apiv2][query] GET https://cloudfunctions.googleapis.com/v1/projects/website-467415/locations/-/functions [none]
[debug] [2025-08-05T09:25:12.825Z] <<< [apiv2][status] GET https://cloudfunctions.googleapis.com/v1/projects/website-467415/locations/-/functions 200
[debug] [2025-08-05T09:25:12.826Z] <<< [apiv2][body] GET https://cloudfunctions.googleapis.com/v1/projects/website-467415/locations/-/functions {}
[debug] [2025-08-05T09:25:12.826Z] Checked if tokens are valid: true, expires at: 1754388825584
[debug] [2025-08-05T09:25:12.826Z] Checked if tokens are valid: true, expires at: 1754388825584
[debug] [2025-08-05T09:25:12.826Z] >>> [apiv2][query] GET https://cloudfunctions.googleapis.com/v2/projects/website-467415/locations/-/functions filter=environment%3D%22GEN_2%22
[debug] [2025-08-05T09:25:13.838Z] <<< [apiv2][status] GET https://cloudfunctions.googleapis.com/v2/projects/website-467415/locations/-/functions 200
[debug] [2025-08-05T09:25:13.838Z] <<< [apiv2][body] GET https://cloudfunctions.googleapis.com/v2/projects/website-467415/locations/-/functions {"functions":[{"name":"projects/website-467415/locations/us-central1/functions/myFunction","buildConfig":{"build":"projects/713525811205/locations/us-central1/builds/46b61c3c-787f-486e-9982-23ba6a955fb8","runtime":"nodejs18","entryPoint":"myFunction","source":{"storageSource":{"bucket":"gcf-v2-sources-713525811205-us-central1","object":"myFunction/function-source.zip","generation":"1754244175359535"}},"environmentVariables":{"GOOGLE_NODE_RUN_SCRIPTS":""},"dockerRepository":"projects/website-467415/locations/us-central1/repositories/gcf-artifacts","sourceProvenance":{"resolvedStorageSource":{"bucket":"gcf-v2-sources-713525811205-us-central1","object":"myFunction/function-source.zip","generation":"1754244175359535"}},"dockerRegistry":"ARTIFACT_REGISTRY","serviceAccount":"projects/website-467415/serviceAccounts/713525811205-compute@developer.gserviceaccount.com","automaticUpdatePolicy":{}},"state":"FAILED","updateTime":"2025-08-03T18:03:54.347756286Z","labels":{"deployment-tool":"cli-firebase","firebase-functions-hash":"cf3cf9e98d7fea9ffe79c077a77870290f45fcf2"},"stateMessages":[{"severity":"ERROR","type":"CloudRunServiceNotFound","message":"Cloud Run service projects/website-467415/locations/us-central1/services/myfunction for the function was not found. The function will not work correctly. Please redeploy."}],"environment":"GEN_2","url":"https://us-central1-website-467415.cloudfunctions.net/myFunction","createTime":"2025-08-03T18:02:55.645117160Z","satisfiesPzi":true}]}
[info] i  functions: ensuring required API run.googleapis.com is enabled... 
[info] i  functions: ensuring required API eventarc.googleapis.com is enabled... 
[info] i  functions: ensuring required API pubsub.googleapis.com is enabled... 
[info] i  functions: ensuring required API storage.googleapis.com is enabled... 
[info] i  functions: generating the service identity for pubsub.googleapis.com... 
[debug] [2025-08-05T09:25:13.841Z] Checked if tokens are valid: true, expires at: 1754388825584
[debug] [2025-08-05T09:25:13.841Z] Checked if tokens are valid: true, expires at: 1754388825584
[info] i  functions: generating the service identity for eventarc.googleapis.com... 
[debug] [2025-08-05T09:25:13.841Z] Checked if tokens are valid: true, expires at: 1754388825584
[debug] [2025-08-05T09:25:13.841Z] Checked if tokens are valid: true, expires at: 1754388825584
[debug] [2025-08-05T09:25:13.841Z] >>> [apiv2][query] POST https://serviceusage.googleapis.com/v1beta1/projects/713525811205/services/pubsub.googleapis.com:generateServiceIdentity [none]
[debug] [2025-08-05T09:25:13.841Z] >>> [apiv2][(partial)header] POST https://serviceusage.googleapis.com/v1beta1/projects/713525811205/services/pubsub.googleapis.com:generateServiceIdentity x-goog-quota-user=projects/713525811205
[debug] [2025-08-05T09:25:13.841Z] >>> [apiv2][body] POST https://serviceusage.googleapis.com/v1beta1/projects/713525811205/services/pubsub.googleapis.com:generateServiceIdentity {}
[debug] [2025-08-05T09:25:13.842Z] >>> [apiv2][query] POST https://serviceusage.googleapis.com/v1beta1/projects/713525811205/services/eventarc.googleapis.com:generateServiceIdentity [none]
[debug] [2025-08-05T09:25:13.842Z] >>> [apiv2][(partial)header] POST https://serviceusage.googleapis.com/v1beta1/projects/713525811205/services/eventarc.googleapis.com:generateServiceIdentity x-goog-quota-user=projects/713525811205
[debug] [2025-08-05T09:25:13.842Z] >>> [apiv2][body] POST https://serviceusage.googleapis.com/v1beta1/projects/713525811205/services/eventarc.googleapis.com:generateServiceIdentity {}
[debug] [2025-08-05T09:25:14.734Z] <<< [apiv2][status] POST https://serviceusage.googleapis.com/v1beta1/projects/713525811205/services/eventarc.googleapis.com:generateServiceIdentity 200
[debug] [2025-08-05T09:25:14.734Z] <<< [apiv2][body] POST https://serviceusage.googleapis.com/v1beta1/projects/713525811205/services/eventarc.googleapis.com:generateServiceIdentity {"name":"operations/finished.DONE_OPERATION","done":true,"response":{"@type":"type.googleapis.com/google.api.serviceusage.v1beta1.ServiceIdentity","email":"service-713525811205@gcp-sa-eventarc.iam.gserviceaccount.com","uniqueId":"107001402219347032356"}}
[debug] [2025-08-05T09:25:14.796Z] <<< [apiv2][status] POST https://serviceusage.googleapis.com/v1beta1/projects/713525811205/services/pubsub.googleapis.com:generateServiceIdentity 200
[debug] [2025-08-05T09:25:14.796Z] <<< [apiv2][body] POST https://serviceusage.googleapis.com/v1beta1/projects/713525811205/services/pubsub.googleapis.com:generateServiceIdentity {"name":"operations/finished.DONE_OPERATION","done":true,"response":{"@type":"type.googleapis.com/google.api.serviceusage.v1beta1.ServiceIdentity","email":"service-713525811205@gcp-sa-pubsub.iam.gserviceaccount.com","uniqueId":"114007948846353842066"}}
[debug] [2025-08-05T09:25:14.797Z] Checked if tokens are valid: true, expires at: 1754388825584
[debug] [2025-08-05T09:25:14.797Z] Checked if tokens are valid: true, expires at: 1754388825584
[debug] [2025-08-05T09:25:14.797Z] >>> [apiv2][query] GET https://cloudresourcemanager.googleapis.com/v1/projects/website-467415 [none]
[debug] [2025-08-05T09:25:14.986Z] <<< [apiv2][status] GET https://cloudresourcemanager.googleapis.com/v1/projects/website-467415 200
[debug] [2025-08-05T09:25:14.986Z] <<< [apiv2][body] GET https://cloudresourcemanager.googleapis.com/v1/projects/website-467415 {"projectNumber":"713525811205","projectId":"website-467415","lifecycleState":"ACTIVE","name":"Website","labels":{"firebase":"enabled","firebase-core":"disabled"},"createTime":"2025-07-29T15:26:05.182504Z","parent":{"type":"organization","id":"525698627959"}}
[debug] [2025-08-05T09:25:14.987Z] Checked if tokens are valid: true, expires at: 1754388825584
[debug] [2025-08-05T09:25:14.987Z] Checked if tokens are valid: true, expires at: 1754388825584
[debug] [2025-08-05T09:25:14.987Z] >>> [apiv2][query] GET https://compute.googleapis.com/compute/v1/projects/713525811205 [none]
[debug] [2025-08-05T09:25:15.151Z] <<< [apiv2][status] GET https://compute.googleapis.com/compute/v1/projects/713525811205 403
[debug] [2025-08-05T09:25:15.151Z] <<< [apiv2][body] GET https://compute.googleapis.com/compute/v1/projects/713525811205 {"error":{"code":403,"message":"Compute Engine API has not been used in project 713525811205 before or it is disabled. Enable it by visiting https://console.developers.google.com/apis/api/compute.googleapis.com/overview?project=713525811205 then retry. If you enabled this API recently, wait a few minutes for the action to propagate to our systems and retry.","errors":[{"message":"Compute Engine API has not been used in project 713525811205 before or it is disabled. Enable it by visiting https://console.developers.google.com/apis/api/compute.googleapis.com/overview?project=713525811205 then retry. If you enabled this API recently, wait a few minutes for the action to propagate to our systems and retry.","domain":"usageLimits","reason":"accessNotConfigured","extendedHelp":"https://console.developers.google.com"}],"status":"PERMISSION_DENIED","details":[{"@type":"type.googleapis.com/google.rpc.ErrorInfo","reason":"SERVICE_DISABLED","domain":"googleapis.com","metadata":{"service":"compute.googleapis.com","activationUrl":"https://console.developers.google.com/apis/api/compute.googleapis.com/overview?project=713525811205","serviceTitle":"Compute Engine API","containerInfo":"713525811205","consumer":"projects/713525811205"}},{"@type":"type.googleapis.com/google.rpc.LocalizedMessage","locale":"en-US","message":"Compute Engine API has not been used in project 713525811205 before or it is disabled. Enable it by visiting https://console.developers.google.com/apis/api/compute.googleapis.com/overview?project=713525811205 then retry. If you enabled this API recently, wait a few minutes for the action to propagate to our systems and retry."},{"@type":"type.googleapis.com/google.rpc.Help","links":[{"description":"Google developers console API activation","url":"https://console.developers.google.com/apis/api/compute.googleapis.com/overview?project=713525811205"}]}]}}
[debug] [2025-08-05T09:25:15.152Z] unable to look up default compute service account. Falling back to 713525811205-compute@developer.gserviceaccount.com. Error: {"name":"FirebaseError","children":[],"context":{"body":{"error":{"code":403,"message":"Compute Engine API has not been used in project 713525811205 before or it is disabled. Enable it by visiting https://console.developers.google.com/apis/api/compute.googleapis.com/overview?project=713525811205 then retry. If you enabled this API recently, wait a few minutes for the action to propagate to our systems and retry.","errors":[{"message":"Compute Engine API has not been used in project 713525811205 before or it is disabled. Enable it by visiting https://console.developers.google.com/apis/api/compute.googleapis.com/overview?project=713525811205 then retry. If you enabled this API recently, wait a few minutes for the action to propagate to our systems and retry.","domain":"usageLimits","reason":"accessNotConfigured","extendedHelp":"https://console.developers.google.com"}],"status":"PERMISSION_DENIED","details":[{"@type":"type.googleapis.com/google.rpc.ErrorInfo","reason":"SERVICE_DISABLED","domain":"googleapis.com","metadata":{"service":"compute.googleapis.com","activationUrl":"https://console.developers.google.com/apis/api/compute.googleapis.com/overview?project=713525811205","serviceTitle":"Compute Engine API","containerInfo":"713525811205","consumer":"projects/713525811205"}},{"@type":"type.googleapis.com/google.rpc.LocalizedMessage","locale":"en-US","message":"Compute Engine API has not been used in project 713525811205 before or it is disabled. Enable it by visiting https://console.developers.google.com/apis/api/compute.googleapis.com/overview?project=713525811205 then retry. If you enabled this API recently, wait a few minutes for the action to propagate to our systems and retry."},{"@type":"type.googleapis.com/google.rpc.Help","links":[{"description":"Google developers console API activation","url":"https://console.developers.google.com/apis/api/compute.googleapis.com/overview?project=713525811205"}]}]}},"response":{"statusCode":403}},"exit":1,"message":"Request to https://compute.googleapis.com/compute/v1/projects/713525811205 had HTTP Error: 403, Compute Engine API has not been used in project 713525811205 before or it is disabled. Enable it by visiting https://console.developers.google.com/apis/api/compute.googleapis.com/overview?project=713525811205 then retry. If you enabled this API recently, wait a few minutes for the action to propagate to our systems and retry.","status":403}
[debug] [2025-08-05T09:25:15.152Z] Checked if tokens are valid: true, expires at: 1754388825584
[debug] [2025-08-05T09:25:15.152Z] Checked if tokens are valid: true, expires at: 1754388825584
[debug] [2025-08-05T09:25:15.152Z] >>> [apiv2][query] GET https://compute.googleapis.com/compute/v1/projects/713525811205 [none]
[debug] [2025-08-05T09:25:15.289Z] <<< [apiv2][status] GET https://compute.googleapis.com/compute/v1/projects/713525811205 403
[debug] [2025-08-05T09:25:15.289Z] <<< [apiv2][body] GET https://compute.googleapis.com/compute/v1/projects/713525811205 {"error":{"code":403,"message":"Compute Engine API has not been used in project 713525811205 before or it is disabled. Enable it by visiting https://console.developers.google.com/apis/api/compute.googleapis.com/overview?project=713525811205 then retry. If you enabled this API recently, wait a few minutes for the action to propagate to our systems and retry.","errors":[{"message":"Compute Engine API has not been used in project 713525811205 before or it is disabled. Enable it by visiting https://console.developers.google.com/apis/api/compute.googleapis.com/overview?project=713525811205 then retry. If you enabled this API recently, wait a few minutes for the action to propagate to our systems and retry.","domain":"usageLimits","reason":"accessNotConfigured","extendedHelp":"https://console.developers.google.com"}],"status":"PERMISSION_DENIED","details":[{"@type":"type.googleapis.com/google.rpc.ErrorInfo","reason":"SERVICE_DISABLED","domain":"googleapis.com","metadata":{"activationUrl":"https://console.developers.google.com/apis/api/compute.googleapis.com/overview?project=713525811205","service":"compute.googleapis.com","consumer":"projects/713525811205","serviceTitle":"Compute Engine API","containerInfo":"713525811205"}},{"@type":"type.googleapis.com/google.rpc.LocalizedMessage","locale":"en-US","message":"Compute Engine API has not been used in project 713525811205 before or it is disabled. Enable it by visiting https://console.developers.google.com/apis/api/compute.googleapis.com/overview?project=713525811205 then retry. If you enabled this API recently, wait a few minutes for the action to propagate to our systems and retry."},{"@type":"type.googleapis.com/google.rpc.Help","links":[{"description":"Google developers console API activation","url":"https://console.developers.google.com/apis/api/compute.googleapis.com/overview?project=713525811205"}]}]}}
[debug] [2025-08-05T09:25:15.289Z] unable to look up default compute service account. Falling back to 713525811205-compute@developer.gserviceaccount.com. Error: {"name":"FirebaseError","children":[],"context":{"body":{"error":{"code":403,"message":"Compute Engine API has not been used in project 713525811205 before or it is disabled. Enable it by visiting https://console.developers.google.com/apis/api/compute.googleapis.com/overview?project=713525811205 then retry. If you enabled this API recently, wait a few minutes for the action to propagate to our systems and retry.","errors":[{"message":"Compute Engine API has not been used in project 713525811205 before or it is disabled. Enable it by visiting https://console.developers.google.com/apis/api/compute.googleapis.com/overview?project=713525811205 then retry. If you enabled this API recently, wait a few minutes for the action to propagate to our systems and retry.","domain":"usageLimits","reason":"accessNotConfigured","extendedHelp":"https://console.developers.google.com"}],"status":"PERMISSION_DENIED","details":[{"@type":"type.googleapis.com/google.rpc.ErrorInfo","reason":"SERVICE_DISABLED","domain":"googleapis.com","metadata":{"activationUrl":"https://console.developers.google.com/apis/api/compute.googleapis.com/overview?project=713525811205","service":"compute.googleapis.com","consumer":"projects/713525811205","serviceTitle":"Compute Engine API","containerInfo":"713525811205"}},{"@type":"type.googleapis.com/google.rpc.LocalizedMessage","locale":"en-US","message":"Compute Engine API has not been used in project 713525811205 before or it is disabled. Enable it by visiting https://console.developers.google.com/apis/api/compute.googleapis.com/overview?project=713525811205 then retry. If you enabled this API recently, wait a few minutes for the action to propagate to our systems and retry."},{"@type":"type.googleapis.com/google.rpc.Help","links":[{"description":"Google developers console API activation","url":"https://console.developers.google.com/apis/api/compute.googleapis.com/overview?project=713525811205"}]}]}},"response":{"statusCode":403}},"exit":1,"message":"Request to https://compute.googleapis.com/compute/v1/projects/713525811205 had HTTP Error: 403, Compute Engine API has not been used in project 713525811205 before or it is disabled. Enable it by visiting https://console.developers.google.com/apis/api/compute.googleapis.com/overview?project=713525811205 then retry. If you enabled this API recently, wait a few minutes for the action to propagate to our systems and retry.","status":403}
[debug] [2025-08-05T09:25:15.290Z] Checked if tokens are valid: true, expires at: 1754388825584
[debug] [2025-08-05T09:25:15.290Z] Checked if tokens are valid: true, expires at: 1754388825584
[debug] [2025-08-05T09:25:15.290Z] >>> [apiv2][query] GET https://cloudbilling.googleapis.com/v1/projects/website-467415/billingInfo [none]
[debug] [2025-08-05T09:25:15.608Z] <<< [apiv2][status] GET https://cloudbilling.googleapis.com/v1/projects/website-467415/billingInfo 200
[debug] [2025-08-05T09:25:15.608Z] <<< [apiv2][body] GET https://cloudbilling.googleapis.com/v1/projects/website-467415/billingInfo {"name":"projects/website-467415/billingInfo","projectId":"website-467415","billingAccountName":"billingAccounts/01F141-853855-86BF13","billingEnabled":true}
[debug] [2025-08-05T09:25:15.609Z] [functions] found 1 new HTTP functions, testing setIamPolicy permission...
[debug] [2025-08-05T09:25:15.609Z] Checked if tokens are valid: true, expires at: 1754388825584
[debug] [2025-08-05T09:25:15.609Z] Checked if tokens are valid: true, expires at: 1754388825584
[debug] [2025-08-05T09:25:15.609Z] >>> [apiv2][query] POST https://cloudresourcemanager.googleapis.com/v1/projects/website-467415:testIamPermissions [none]
[debug] [2025-08-05T09:25:15.610Z] >>> [apiv2][(partial)header] POST https://cloudresourcemanager.googleapis.com/v1/projects/website-467415:testIamPermissions x-goog-quota-user=projects/website-467415
[debug] [2025-08-05T09:25:15.610Z] >>> [apiv2][body] POST https://cloudresourcemanager.googleapis.com/v1/projects/website-467415:testIamPermissions {"permissions":["cloudfunctions.functions.setIamPolicy"]}
[debug] [2025-08-05T09:25:15.753Z] <<< [apiv2][status] POST https://cloudresourcemanager.googleapis.com/v1/projects/website-467415:testIamPermissions 200
[debug] [2025-08-05T09:25:15.753Z] <<< [apiv2][body] POST https://cloudresourcemanager.googleapis.com/v1/projects/website-467415:testIamPermissions {"permissions":["cloudfunctions.functions.setIamPolicy"]}
[debug] [2025-08-05T09:25:15.753Z] [functions] found setIamPolicy permission, proceeding with deploy
[debug] [2025-08-05T09:25:15.754Z] Checked if tokens are valid: true, expires at: 1754388825584
[debug] [2025-08-05T09:25:15.754Z] Checked if tokens are valid: true, expires at: 1754388825584
[debug] [2025-08-05T09:25:15.754Z] >>> [apiv2][query] POST https://cloudfunctions.googleapis.com/v2/projects/website-467415/locations/us-central1/functions:generateUploadUrl [none]
[debug] [2025-08-05T09:25:16.585Z] <<< [apiv2][status] POST https://cloudfunctions.googleapis.com/v2/projects/website-467415/locations/us-central1/functions:generateUploadUrl 200
[debug] [2025-08-05T09:25:16.586Z] <<< [apiv2][body] POST https://cloudfunctions.googleapis.com/v2/projects/website-467415/locations/us-central1/functions:generateUploadUrl {"uploadUrl":"https://storage.googleapis.com/gcf-v2-uploads-713525811205.us-central1.cloudfunctions.appspot.com/3fa5bd51-2618-49b3-a4a6-9f54de37eab1.zip?GoogleAccessId=service-713525811205@gcf-admin-robot.iam.gserviceaccount.com&Expires=1754387716&Signature=lAAL0UexiEu0a4UuFuZHFMDVhX2Yv%2BGExYtQggDSCRPzdi987GyYEs4pmmR26fYZvSPN1Y2qVReDQfZvcF5ttVIUjmMg7a8CpY%2BRtKRXncrjy1W9noq9T4XAjyVxpfcIAII4bMgD2NwqaV8nMU4UR6ZXR6FiESuEtPGLHYzCr1CzBFJL4MaK0gSx%2BjetKoH6Fjg9zmGh64PW1DMJUfSIzTVkrW3eb5w8p26ngXKUcgtmD2kgGKjTpVyyqJ5P81zOFwQarJPSkJBHGz2PK6zHrzt6basRFw4v505Zag0gi39LqpA95dBloAYOIu6s9Hijm2zn5b2XM6rMa2b2c4Nyrw%3D%3D","storageSource":{"bucket":"gcf-v2-uploads-713525811205.us-central1.cloudfunctions.appspot.com","object":"3fa5bd51-2618-49b3-a4a6-9f54de37eab1.zip"}}
[debug] [2025-08-05T09:25:16.586Z] >>> [apiv2][query] PUT https://storage.googleapis.com/gcf-v2-uploads-713525811205.us-central1.cloudfunctions.appspot.com/3fa5bd51-2618-49b3-a4a6-9f54de37eab1.zip GoogleAccessId=service-713525811205%40gcf-admin-robot.iam.gserviceaccount.com&Expires=1754387716&Signature=lAAL0UexiEu0a4UuFuZHFMDVhX2Yv%2BGExYtQggDSCRPzdi987GyYEs4pmmR26fYZvSPN1Y2qVReDQfZvcF5ttVIUjmMg7a8CpY%2BRtKRXncrjy1W9noq9T4XAjyVxpfcIAII4bMgD2NwqaV8nMU4UR6ZXR6FiESuEtPGLHYzCr1CzBFJL4MaK0gSx%2BjetKoH6Fjg9zmGh64PW1DMJUfSIzTVkrW3eb5w8p26ngXKUcgtmD2kgGKjTpVyyqJ5P81zOFwQarJPSkJBHGz2PK6zHrzt6basRFw4v505Zag0gi39LqpA95dBloAYOIu6s9Hijm2zn5b2XM6rMa2b2c4Nyrw%3D%3D
[debug] [2025-08-05T09:25:16.586Z] >>> [apiv2][body] PUT https://storage.googleapis.com/gcf-v2-uploads-713525811205.us-central1.cloudfunctions.appspot.com/3fa5bd51-2618-49b3-a4a6-9f54de37eab1.zip [stream]
[debug] [2025-08-05T09:25:16.893Z] <<< [apiv2][status] PUT https://storage.googleapis.com/gcf-v2-uploads-713525811205.us-central1.cloudfunctions.appspot.com/3fa5bd51-2618-49b3-a4a6-9f54de37eab1.zip 200
[debug] [2025-08-05T09:25:16.893Z] <<< [apiv2][body] PUT https://storage.googleapis.com/gcf-v2-uploads-713525811205.us-central1.cloudfunctions.appspot.com/3fa5bd51-2618-49b3-a4a6-9f54de37eab1.zip [omitted]
[info] +  functions: functions folder uploaded successfully 
[info] i  functions: creating Node.js 22 (2nd Gen) function api(us-central1)... 
[debug] [2025-08-05T09:25:16.896Z] Checked if tokens are valid: true, expires at: 1754388825584
[debug] [2025-08-05T09:25:16.896Z] Checked if tokens are valid: true, expires at: 1754388825584
[debug] [2025-08-05T09:25:16.896Z] >>> [apiv2][query] POST https://cloudfunctions.googleapis.com/v2/projects/website-467415/locations/us-central1/functions functionId=api
[debug] [2025-08-05T09:25:16.896Z] >>> [apiv2][body] POST https://cloudfunctions.googleapis.com/v2/projects/website-467415/locations/us-central1/functions {"name":"projects/website-467415/locations/us-central1/functions/api","buildConfig":{"runtime":"nodejs22","entryPoint":"api","source":{"storageSource":{"bucket":"gcf-v2-uploads-713525811205.us-central1.cloudfunctions.appspot.com","object":"3fa5bd51-2618-49b3-a4a6-9f54de37eab1.zip"}},"environmentVariables":{"GOOGLE_NODE_RUN_SCRIPTS":""}},"serviceConfig":{"environmentVariables":{"FIREBASE_CONFIG":"{\"projectId\":\"website-467415\",\"storageBucket\":\"website-467415.firebasestorage.app\"}","GCLOUD_PROJECT":"website-467415","EVENTARC_CLOUD_EVENT_SOURCE":"projects/website-467415/locations/us-central1/services/api","FUNCTION_TARGET":"api","LOG_EXECUTION_ID":"true"},"ingressSettings":null,"timeoutSeconds":null,"serviceAccountEmail":null,"availableMemory":"256Mi","minInstanceCount":null,"maxInstanceCount":null,"maxInstanceRequestConcurrency":80,"availableCpu":"1","vpcConnector":null,"vpcConnectorEgressSettings":null},"labels":{"deployment-tool":"cli-firebase","firebase-functions-hash":"22da2b4dff07417f874f753df45efc616b6237eb"}}
[debug] [2025-08-05T09:25:17.714Z] <<< [apiv2][status] POST https://cloudfunctions.googleapis.com/v2/projects/website-467415/locations/us-central1/functions 200
[debug] [2025-08-05T09:25:17.714Z] <<< [apiv2][body] POST https://cloudfunctions.googleapis.com/v2/projects/website-467415/locations/us-central1/functions {"name":"projects/website-467415/locations/us-central1/operations/operation-1754385917083-63b9acd62ff87-2fab480c-7990bfed","metadata":{"@type":"type.googleapis.com/google.cloud.functions.v2.OperationMetadata","createTime":"2025-08-05T09:25:17.691343162Z","target":"projects/website-467415/locations/us-central1/functions/api","verb":"create","cancelRequested":false,"apiVersion":"v2"},"done":false}
[debug] [2025-08-05T09:25:17.715Z] Checked if tokens are valid: true, expires at: 1754388825584
[debug] [2025-08-05T09:25:17.715Z] Checked if tokens are valid: true, expires at: 1754388825584
[debug] [2025-08-05T09:25:17.715Z] >>> [apiv2][query] GET https://cloudfunctions.googleapis.com/v2/projects/website-467415/locations/us-central1/operations/operation-1754385917083-63b9acd62ff87-2fab480c-7990bfed [none]
[debug] [2025-08-05T09:25:18.425Z] <<< [apiv2][status] GET https://cloudfunctions.googleapis.com/v2/projects/website-467415/locations/us-central1/operations/operation-1754385917083-63b9acd62ff87-2fab480c-7990bfed 200
[debug] [2025-08-05T09:25:18.425Z] <<< [apiv2][body] GET https://cloudfunctions.googleapis.com/v2/projects/website-467415/locations/us-central1/operations/operation-1754385917083-63b9acd62ff87-2fab480c-7990bfed {"name":"projects/website-467415/locations/us-central1/operations/operation-1754385917083-63b9acd62ff87-2fab480c-7990bfed","metadata":{"@type":"type.googleapis.com/google.cloud.functions.v2.OperationMetadata","createTime":"2025-08-05T09:25:17.691343162Z","target":"projects/website-467415/locations/us-central1/functions/api","verb":"create","cancelRequested":false,"apiVersion":"v2","requestResource":{"@type":"type.googleapis.com/google.cloud.functions.v2.Function","name":"projects/website-467415/locations/us-central1/functions/api","buildConfig":{"runtime":"nodejs22","entryPoint":"api","source":{"storageSource":{"bucket":"gcf-v2-sources-713525811205-us-central1","object":"api/function-source.zip","generation":"1754385917393029"}},"environmentVariables":{"GOOGLE_NODE_RUN_SCRIPTS":""},"serviceAccount":"projects/website-467415/serviceAccounts/713525811205-compute@developer.gserviceaccount.com","automaticUpdatePolicy":{}},"serviceConfig":{"service":"projects/website-467415/locations/us-central1/services/api","timeoutSeconds":60,"environmentVariables":{"FIREBASE_CONFIG":"{\"projectId\":\"website-467415\",\"storageBucket\":\"website-467415.firebasestorage.app\"}","GCLOUD_PROJECT":"website-467415","EVENTARC_CLOUD_EVENT_SOURCE":"projects/website-467415/locations/us-central1/services/api","FUNCTION_TARGET":"api","LOG_EXECUTION_ID":"true"},"ingressSettings":"ALLOW_ALL","serviceAccountEmail":"713525811205-compute@developer.gserviceaccount.com","availableMemory":"256Mi","maxInstanceRequestConcurrency":80,"availableCpu":"1"},"labels":{"deployment-tool":"cli-firebase","firebase-functions-hash":"22da2b4dff07417f874f753df45efc616b6237eb"},"environment":"GEN_2"},"stages":[{"name":"BUILD","state":"NOT_STARTED"},{"name":"SERVICE","state":"NOT_STARTED"}],"operationType":"CREATE_FUNCTION"},"done":false}
[debug] [2025-08-05T09:25:18.938Z] [create-default-us-central1-api] Retrying task index 0
[debug] [2025-08-05T09:25:18.938Z] Checked if tokens are valid: true, expires at: 1754388825584
[debug] [2025-08-05T09:25:18.938Z] Checked if tokens are valid: true, expires at: 1754388825584
[debug] [2025-08-05T09:25:18.938Z] >>> [apiv2][query] GET https://cloudfunctions.googleapis.com/v2/projects/website-467415/locations/us-central1/operations/operation-1754385917083-63b9acd62ff87-2fab480c-7990bfed [none]
[debug] [2025-08-05T09:25:19.682Z] <<< [apiv2][status] GET https://cloudfunctions.googleapis.com/v2/projects/website-467415/locations/us-central1/operations/operation-1754385917083-63b9acd62ff87-2fab480c-7990bfed 200
[debug] [2025-08-05T09:25:19.682Z] <<< [apiv2][body] GET https://cloudfunctions.googleapis.com/v2/projects/website-467415/locations/us-central1/operations/operation-1754385917083-63b9acd62ff87-2fab480c-7990bfed {"name":"projects/website-467415/locations/us-central1/operations/operation-1754385917083-63b9acd62ff87-2fab480c-7990bfed","metadata":{"@type":"type.googleapis.com/google.cloud.functions.v2.OperationMetadata","createTime":"2025-08-05T09:25:17.691343162Z","target":"projects/website-467415/locations/us-central1/functions/api","verb":"create","cancelRequested":false,"apiVersion":"v2","requestResource":{"@type":"type.googleapis.com/google.cloud.functions.v2.Function","name":"projects/website-467415/locations/us-central1/functions/api","buildConfig":{"runtime":"nodejs22","entryPoint":"api","source":{"storageSource":{"bucket":"gcf-v2-sources-713525811205-us-central1","object":"api/function-source.zip","generation":"1754385917393029"}},"environmentVariables":{"GOOGLE_NODE_RUN_SCRIPTS":""},"serviceAccount":"projects/website-467415/serviceAccounts/713525811205-compute@developer.gserviceaccount.com","automaticUpdatePolicy":{}},"serviceConfig":{"service":"projects/website-467415/locations/us-central1/services/api","timeoutSeconds":60,"environmentVariables":{"FIREBASE_CONFIG":"{\"projectId\":\"website-467415\",\"storageBucket\":\"website-467415.firebasestorage.app\"}","GCLOUD_PROJECT":"website-467415","EVENTARC_CLOUD_EVENT_SOURCE":"projects/website-467415/locations/us-central1/services/api","FUNCTION_TARGET":"api","LOG_EXECUTION_ID":"true"},"ingressSettings":"ALLOW_ALL","serviceAccountEmail":"713525811205-compute@developer.gserviceaccount.com","availableMemory":"256Mi","maxInstanceRequestConcurrency":80,"availableCpu":"1"},"labels":{"deployment-tool":"cli-firebase","firebase-functions-hash":"22da2b4dff07417f874f753df45efc616b6237eb"},"environment":"GEN_2"},"stages":[{"name":"BUILD","message":"Build in progress","state":"IN_PROGRESS","resource":"projects/713525811205/locations/us-central1/builds/a75a2f21-8d8c-4d41-9f12-ab5b5a0066ad","resourceUri":"https://console.cloud.google.com/cloud-build/builds;region=us-central1/a75a2f21-8d8c-4d41-9f12-ab5b5a0066ad?project=713525811205"},{"name":"SERVICE","state":"NOT_STARTED"}],"operationType":"CREATE_FUNCTION","buildName":"projects/713525811205/locations/us-central1/builds/a75a2f21-8d8c-4d41-9f12-ab5b5a0066ad"},"done":false}
[debug] [2025-08-05T09:25:20.692Z] [create-default-us-central1-api] Retrying task index 0
[debug] [2025-08-05T09:25:20.692Z] Checked if tokens are valid: true, expires at: 1754388825584
[debug] [2025-08-05T09:25:20.692Z] Checked if tokens are valid: true, expires at: 1754388825584
[debug] [2025-08-05T09:25:20.692Z] >>> [apiv2][query] GET https://cloudfunctions.googleapis.com/v2/projects/website-467415/locations/us-central1/operations/operation-1754385917083-63b9acd62ff87-2fab480c-7990bfed [none]
[debug] [2025-08-05T09:25:21.440Z] <<< [apiv2][status] GET https://cloudfunctions.googleapis.com/v2/projects/website-467415/locations/us-central1/operations/operation-1754385917083-63b9acd62ff87-2fab480c-7990bfed 200
[debug] [2025-08-05T09:25:21.440Z] <<< [apiv2][body] GET https://cloudfunctions.googleapis.com/v2/projects/website-467415/locations/us-central1/operations/operation-1754385917083-63b9acd62ff87-2fab480c-7990bfed {"name":"projects/website-467415/locations/us-central1/operations/operation-1754385917083-63b9acd62ff87-2fab480c-7990bfed","metadata":{"@type":"type.googleapis.com/google.cloud.functions.v2.OperationMetadata","createTime":"2025-08-05T09:25:17.691343162Z","target":"projects/website-467415/locations/us-central1/functions/api","verb":"create","cancelRequested":false,"apiVersion":"v2","requestResource":{"@type":"type.googleapis.com/google.cloud.functions.v2.Function","name":"projects/website-467415/locations/us-central1/functions/api","buildConfig":{"runtime":"nodejs22","entryPoint":"api","source":{"storageSource":{"bucket":"gcf-v2-sources-713525811205-us-central1","object":"api/function-source.zip","generation":"1754385917393029"}},"environmentVariables":{"GOOGLE_NODE_RUN_SCRIPTS":""},"serviceAccount":"projects/website-467415/serviceAccounts/713525811205-compute@developer.gserviceaccount.com","automaticUpdatePolicy":{}},"serviceConfig":{"service":"projects/website-467415/locations/us-central1/services/api","timeoutSeconds":60,"environmentVariables":{"FIREBASE_CONFIG":"{\"projectId\":\"website-467415\",\"storageBucket\":\"website-467415.firebasestorage.app\"}","GCLOUD_PROJECT":"website-467415","EVENTARC_CLOUD_EVENT_SOURCE":"projects/website-467415/locations/us-central1/services/api","FUNCTION_TARGET":"api","LOG_EXECUTION_ID":"true"},"ingressSettings":"ALLOW_ALL","serviceAccountEmail":"713525811205-compute@developer.gserviceaccount.com","availableMemory":"256Mi","maxInstanceRequestConcurrency":80,"availableCpu":"1"},"labels":{"deployment-tool":"cli-firebase","firebase-functions-hash":"22da2b4dff07417f874f753df45efc616b6237eb"},"environment":"GEN_2"},"stages":[{"name":"BUILD","message":"Build in progress","state":"IN_PROGRESS","resource":"projects/713525811205/locations/us-central1/builds/a75a2f21-8d8c-4d41-9f12-ab5b5a0066ad","resourceUri":"https://console.cloud.google.com/cloud-build/builds;region=us-central1/a75a2f21-8d8c-4d41-9f12-ab5b5a0066ad?project=713525811205"},{"name":"SERVICE","state":"NOT_STARTED"}],"operationType":"CREATE_FUNCTION","buildName":"projects/713525811205/locations/us-central1/builds/a75a2f21-8d8c-4d41-9f12-ab5b5a0066ad"},"done":false}
[debug] [2025-08-05T09:25:23.453Z] [create-default-us-central1-api] Retrying task index 0
[debug] [2025-08-05T09:25:23.453Z] Checked if tokens are valid: true, expires at: 1754388825584
[debug] [2025-08-05T09:25:23.453Z] Checked if tokens are valid: true, expires at: 1754388825584
[debug] [2025-08-05T09:25:23.453Z] >>> [apiv2][query] GET https://cloudfunctions.googleapis.com/v2/projects/website-467415/locations/us-central1/operations/operation-1754385917083-63b9acd62ff87-2fab480c-7990bfed [none]
[debug] [2025-08-05T09:25:24.174Z] <<< [apiv2][status] GET https://cloudfunctions.googleapis.com/v2/projects/website-467415/locations/us-central1/operations/operation-1754385917083-63b9acd62ff87-2fab480c-7990bfed 200
[debug] [2025-08-05T09:25:24.175Z] <<< [apiv2][body] GET https://cloudfunctions.googleapis.com/v2/projects/website-467415/locations/us-central1/operations/operation-1754385917083-63b9acd62ff87-2fab480c-7990bfed {"name":"projects/website-467415/locations/us-central1/operations/operation-1754385917083-63b9acd62ff87-2fab480c-7990bfed","metadata":{"@type":"type.googleapis.com/google.cloud.functions.v2.OperationMetadata","createTime":"2025-08-05T09:25:17.691343162Z","target":"projects/website-467415/locations/us-central1/functions/api","verb":"create","cancelRequested":false,"apiVersion":"v2","requestResource":{"@type":"type.googleapis.com/google.cloud.functions.v2.Function","name":"projects/website-467415/locations/us-central1/functions/api","buildConfig":{"runtime":"nodejs22","entryPoint":"api","source":{"storageSource":{"bucket":"gcf-v2-sources-713525811205-us-central1","object":"api/function-source.zip","generation":"1754385917393029"}},"environmentVariables":{"GOOGLE_NODE_RUN_SCRIPTS":""},"serviceAccount":"projects/website-467415/serviceAccounts/713525811205-compute@developer.gserviceaccount.com","automaticUpdatePolicy":{}},"serviceConfig":{"service":"projects/website-467415/locations/us-central1/services/api","timeoutSeconds":60,"environmentVariables":{"FIREBASE_CONFIG":"{\"projectId\":\"website-467415\",\"storageBucket\":\"website-467415.firebasestorage.app\"}","GCLOUD_PROJECT":"website-467415","EVENTARC_CLOUD_EVENT_SOURCE":"projects/website-467415/locations/us-central1/services/api","FUNCTION_TARGET":"api","LOG_EXECUTION_ID":"true"},"ingressSettings":"ALLOW_ALL","serviceAccountEmail":"713525811205-compute@developer.gserviceaccount.com","availableMemory":"256Mi","maxInstanceRequestConcurrency":80,"availableCpu":"1"},"labels":{"deployment-tool":"cli-firebase","firebase-functions-hash":"22da2b4dff07417f874f753df45efc616b6237eb"},"environment":"GEN_2"},"stages":[{"name":"BUILD","message":"Build in progress","state":"IN_PROGRESS","resource":"projects/713525811205/locations/us-central1/builds/a75a2f21-8d8c-4d41-9f12-ab5b5a0066ad","resourceUri":"https://console.cloud.google.com/cloud-build/builds;region=us-central1/a75a2f21-8d8c-4d41-9f12-ab5b5a0066ad?project=713525811205"},{"name":"SERVICE","state":"NOT_STARTED"}],"operationType":"CREATE_FUNCTION","buildName":"projects/713525811205/locations/us-central1/builds/a75a2f21-8d8c-4d41-9f12-ab5b5a0066ad"},"done":false}
[debug] [2025-08-05T09:25:28.183Z] [create-default-us-central1-api] Retrying task index 0
[debug] [2025-08-05T09:25:28.184Z] Checked if tokens are valid: true, expires at: 1754388825584
[debug] [2025-08-05T09:25:28.184Z] Checked if tokens are valid: true, expires at: 1754388825584
[debug] [2025-08-05T09:25:28.184Z] >>> [apiv2][query] GET https://cloudfunctions.googleapis.com/v2/projects/website-467415/locations/us-central1/operations/operation-1754385917083-63b9acd62ff87-2fab480c-7990bfed [none]
[debug] [2025-08-05T09:25:28.901Z] <<< [apiv2][status] GET https://cloudfunctions.googleapis.com/v2/projects/website-467415/locations/us-central1/operations/operation-1754385917083-63b9acd62ff87-2fab480c-7990bfed 200
[debug] [2025-08-05T09:25:28.901Z] <<< [apiv2][body] GET https://cloudfunctions.googleapis.com/v2/projects/website-467415/locations/us-central1/operations/operation-1754385917083-63b9acd62ff87-2fab480c-7990bfed {"name":"projects/website-467415/locations/us-central1/operations/operation-1754385917083-63b9acd62ff87-2fab480c-7990bfed","metadata":{"@type":"type.googleapis.com/google.cloud.functions.v2.OperationMetadata","createTime":"2025-08-05T09:25:17.691343162Z","target":"projects/website-467415/locations/us-central1/functions/api","verb":"create","cancelRequested":false,"apiVersion":"v2","requestResource":{"@type":"type.googleapis.com/google.cloud.functions.v2.Function","name":"projects/website-467415/locations/us-central1/functions/api","buildConfig":{"runtime":"nodejs22","entryPoint":"api","source":{"storageSource":{"bucket":"gcf-v2-sources-713525811205-us-central1","object":"api/function-source.zip","generation":"1754385917393029"}},"environmentVariables":{"GOOGLE_NODE_RUN_SCRIPTS":""},"serviceAccount":"projects/website-467415/serviceAccounts/713525811205-compute@developer.gserviceaccount.com","automaticUpdatePolicy":{}},"serviceConfig":{"service":"projects/website-467415/locations/us-central1/services/api","timeoutSeconds":60,"environmentVariables":{"FIREBASE_CONFIG":"{\"projectId\":\"website-467415\",\"storageBucket\":\"website-467415.firebasestorage.app\"}","GCLOUD_PROJECT":"website-467415","EVENTARC_CLOUD_EVENT_SOURCE":"projects/website-467415/locations/us-central1/services/api","FUNCTION_TARGET":"api","LOG_EXECUTION_ID":"true"},"ingressSettings":"ALLOW_ALL","serviceAccountEmail":"713525811205-compute@developer.gserviceaccount.com","availableMemory":"256Mi","maxInstanceRequestConcurrency":80,"availableCpu":"1"},"labels":{"deployment-tool":"cli-firebase","firebase-functions-hash":"22da2b4dff07417f874f753df45efc616b6237eb"},"environment":"GEN_2"},"stages":[{"name":"BUILD","message":"Build in progress","state":"IN_PROGRESS","resource":"projects/713525811205/locations/us-central1/builds/a75a2f21-8d8c-4d41-9f12-ab5b5a0066ad","resourceUri":"https://console.cloud.google.com/cloud-build/builds;region=us-central1/a75a2f21-8d8c-4d41-9f12-ab5b5a0066ad?project=713525811205"},{"name":"SERVICE","state":"NOT_STARTED"}],"operationType":"CREATE_FUNCTION","buildName":"projects/713525811205/locations/us-central1/builds/a75a2f21-8d8c-4d41-9f12-ab5b5a0066ad"},"done":false}
[debug] [2025-08-05T09:25:36.916Z] [create-default-us-central1-api] Retrying task index 0
[debug] [2025-08-05T09:25:36.917Z] Checked if tokens are valid: true, expires at: 1754388825584
[debug] [2025-08-05T09:25:36.917Z] Checked if tokens are valid: true, expires at: 1754388825584
[debug] [2025-08-05T09:25:36.917Z] >>> [apiv2][query] GET https://cloudfunctions.googleapis.com/v2/projects/website-467415/locations/us-central1/operations/operation-1754385917083-63b9acd62ff87-2fab480c-7990bfed [none]
[debug] [2025-08-05T09:25:37.119Z] <<< [apiv2][status] GET https://cloudfunctions.googleapis.com/v2/projects/website-467415/locations/us-central1/operations/operation-1754385917083-63b9acd62ff87-2fab480c-7990bfed 200
[debug] [2025-08-05T09:25:37.119Z] <<< [apiv2][body] GET https://cloudfunctions.googleapis.com/v2/projects/website-467415/locations/us-central1/operations/operation-1754385917083-63b9acd62ff87-2fab480c-7990bfed {"name":"projects/website-467415/locations/us-central1/operations/operation-1754385917083-63b9acd62ff87-2fab480c-7990bfed","metadata":{"@type":"type.googleapis.com/google.cloud.functions.v2.OperationMetadata","createTime":"2025-08-05T09:25:17.691343162Z","target":"projects/website-467415/locations/us-central1/functions/api","verb":"create","cancelRequested":false,"apiVersion":"v2","requestResource":{"@type":"type.googleapis.com/google.cloud.functions.v2.Function","name":"projects/website-467415/locations/us-central1/functions/api","buildConfig":{"runtime":"nodejs22","entryPoint":"api","source":{"storageSource":{"bucket":"gcf-v2-sources-713525811205-us-central1","object":"api/function-source.zip","generation":"1754385917393029"}},"environmentVariables":{"GOOGLE_NODE_RUN_SCRIPTS":""},"serviceAccount":"projects/website-467415/serviceAccounts/713525811205-compute@developer.gserviceaccount.com","automaticUpdatePolicy":{}},"serviceConfig":{"service":"projects/website-467415/locations/us-central1/services/api","timeoutSeconds":60,"environmentVariables":{"FIREBASE_CONFIG":"{\"projectId\":\"website-467415\",\"storageBucket\":\"website-467415.firebasestorage.app\"}","GCLOUD_PROJECT":"website-467415","EVENTARC_CLOUD_EVENT_SOURCE":"projects/website-467415/locations/us-central1/services/api","FUNCTION_TARGET":"api","LOG_EXECUTION_ID":"true"},"ingressSettings":"ALLOW_ALL","serviceAccountEmail":"713525811205-compute@developer.gserviceaccount.com","availableMemory":"256Mi","maxInstanceRequestConcurrency":80,"availableCpu":"1"},"labels":{"deployment-tool":"cli-firebase","firebase-functions-hash":"22da2b4dff07417f874f753df45efc616b6237eb"},"environment":"GEN_2"},"stages":[{"name":"BUILD","message":"Build in progress","state":"IN_PROGRESS","resource":"projects/713525811205/locations/us-central1/builds/a75a2f21-8d8c-4d41-9f12-ab5b5a0066ad","resourceUri":"https://console.cloud.google.com/cloud-build/builds;region=us-central1/a75a2f21-8d8c-4d41-9f12-ab5b5a0066ad?project=713525811205"},{"name":"SERVICE","state":"NOT_STARTED"}],"operationType":"CREATE_FUNCTION","buildName":"projects/713525811205/locations/us-central1/builds/a75a2f21-8d8c-4d41-9f12-ab5b5a0066ad"},"done":false}
[debug] [2025-08-05T09:25:47.133Z] [create-default-us-central1-api] Retrying task index 0
[debug] [2025-08-05T09:25:47.133Z] Checked if tokens are valid: true, expires at: 1754388825584
[debug] [2025-08-05T09:25:47.133Z] Checked if tokens are valid: true, expires at: 1754388825584
[debug] [2025-08-05T09:25:47.133Z] >>> [apiv2][query] GET https://cloudfunctions.googleapis.com/v2/projects/website-467415/locations/us-central1/operations/operation-1754385917083-63b9acd62ff87-2fab480c-7990bfed [none]
[debug] [2025-08-05T09:25:47.875Z] <<< [apiv2][status] GET https://cloudfunctions.googleapis.com/v2/projects/website-467415/locations/us-central1/operations/operation-1754385917083-63b9acd62ff87-2fab480c-7990bfed 200
[debug] [2025-08-05T09:25:47.875Z] <<< [apiv2][body] GET https://cloudfunctions.googleapis.com/v2/projects/website-467415/locations/us-central1/operations/operation-1754385917083-63b9acd62ff87-2fab480c-7990bfed {"name":"projects/website-467415/locations/us-central1/operations/operation-1754385917083-63b9acd62ff87-2fab480c-7990bfed","metadata":{"@type":"type.googleapis.com/google.cloud.functions.v2.OperationMetadata","createTime":"2025-08-05T09:25:17.691343162Z","target":"projects/website-467415/locations/us-central1/functions/api","verb":"create","cancelRequested":false,"apiVersion":"v2","requestResource":{"@type":"type.googleapis.com/google.cloud.functions.v2.Function","name":"projects/website-467415/locations/us-central1/functions/api","buildConfig":{"runtime":"nodejs22","entryPoint":"api","source":{"storageSource":{"bucket":"gcf-v2-sources-713525811205-us-central1","object":"api/function-source.zip","generation":"1754385917393029"}},"environmentVariables":{"GOOGLE_NODE_RUN_SCRIPTS":""},"serviceAccount":"projects/website-467415/serviceAccounts/713525811205-compute@developer.gserviceaccount.com","automaticUpdatePolicy":{}},"serviceConfig":{"service":"projects/website-467415/locations/us-central1/services/api","timeoutSeconds":60,"environmentVariables":{"FIREBASE_CONFIG":"{\"projectId\":\"website-467415\",\"storageBucket\":\"website-467415.firebasestorage.app\"}","GCLOUD_PROJECT":"website-467415","EVENTARC_CLOUD_EVENT_SOURCE":"projects/website-467415/locations/us-central1/services/api","FUNCTION_TARGET":"api","LOG_EXECUTION_ID":"true"},"ingressSettings":"ALLOW_ALL","serviceAccountEmail":"713525811205-compute@developer.gserviceaccount.com","availableMemory":"256Mi","maxInstanceRequestConcurrency":80,"availableCpu":"1"},"labels":{"deployment-tool":"cli-firebase","firebase-functions-hash":"22da2b4dff07417f874f753df45efc616b6237eb"},"environment":"GEN_2"},"stages":[{"name":"BUILD","message":"Build in progress","state":"IN_PROGRESS","resource":"projects/713525811205/locations/us-central1/builds/a75a2f21-8d8c-4d41-9f12-ab5b5a0066ad","resourceUri":"https://console.cloud.google.com/cloud-build/builds;region=us-central1/a75a2f21-8d8c-4d41-9f12-ab5b5a0066ad?project=713525811205"},{"name":"SERVICE","state":"NOT_STARTED"}],"operationType":"CREATE_FUNCTION","buildName":"projects/713525811205/locations/us-central1/builds/a75a2f21-8d8c-4d41-9f12-ab5b5a0066ad"},"done":false}
[debug] [2025-08-05T09:25:57.876Z] [create-default-us-central1-api] Retrying task index 0
[debug] [2025-08-05T09:25:57.876Z] Checked if tokens are valid: true, expires at: 1754388825584
[debug] [2025-08-05T09:25:57.876Z] Checked if tokens are valid: true, expires at: 1754388825584
[debug] [2025-08-05T09:25:57.876Z] >>> [apiv2][query] GET https://cloudfunctions.googleapis.com/v2/projects/website-467415/locations/us-central1/operations/operation-1754385917083-63b9acd62ff87-2fab480c-7990bfed [none]
[debug] [2025-08-05T09:25:58.691Z] <<< [apiv2][status] GET https://cloudfunctions.googleapis.com/v2/projects/website-467415/locations/us-central1/operations/operation-1754385917083-63b9acd62ff87-2fab480c-7990bfed 200
[debug] [2025-08-05T09:25:58.691Z] <<< [apiv2][body] GET https://cloudfunctions.googleapis.com/v2/projects/website-467415/locations/us-central1/operations/operation-1754385917083-63b9acd62ff87-2fab480c-7990bfed {"name":"projects/website-467415/locations/us-central1/operations/operation-1754385917083-63b9acd62ff87-2fab480c-7990bfed","metadata":{"@type":"type.googleapis.com/google.cloud.functions.v2.OperationMetadata","createTime":"2025-08-05T09:25:17.691343162Z","target":"projects/website-467415/locations/us-central1/functions/api","verb":"create","cancelRequested":false,"apiVersion":"v2","requestResource":{"@type":"type.googleapis.com/google.cloud.functions.v2.Function","name":"projects/website-467415/locations/us-central1/functions/api","buildConfig":{"runtime":"nodejs22","entryPoint":"api","source":{"storageSource":{"bucket":"gcf-v2-sources-713525811205-us-central1","object":"api/function-source.zip","generation":"1754385917393029"}},"environmentVariables":{"GOOGLE_NODE_RUN_SCRIPTS":""},"serviceAccount":"projects/website-467415/serviceAccounts/713525811205-compute@developer.gserviceaccount.com","automaticUpdatePolicy":{}},"serviceConfig":{"service":"projects/website-467415/locations/us-central1/services/api","timeoutSeconds":60,"environmentVariables":{"FIREBASE_CONFIG":"{\"projectId\":\"website-467415\",\"storageBucket\":\"website-467415.firebasestorage.app\"}","GCLOUD_PROJECT":"website-467415","EVENTARC_CLOUD_EVENT_SOURCE":"projects/website-467415/locations/us-central1/services/api","FUNCTION_TARGET":"api","LOG_EXECUTION_ID":"true"},"ingressSettings":"ALLOW_ALL","serviceAccountEmail":"713525811205-compute@developer.gserviceaccount.com","availableMemory":"256Mi","maxInstanceRequestConcurrency":80,"availableCpu":"1"},"labels":{"deployment-tool":"cli-firebase","firebase-functions-hash":"22da2b4dff07417f874f753df45efc616b6237eb"},"environment":"GEN_2"},"stages":[{"name":"BUILD","message":"Build in progress","state":"IN_PROGRESS","resource":"projects/713525811205/locations/us-central1/builds/a75a2f21-8d8c-4d41-9f12-ab5b5a0066ad","resourceUri":"https://console.cloud.google.com/cloud-build/builds;region=us-central1/a75a2f21-8d8c-4d41-9f12-ab5b5a0066ad?project=713525811205"},{"name":"SERVICE","state":"NOT_STARTED"}],"operationType":"CREATE_FUNCTION","buildName":"projects/713525811205/locations/us-central1/builds/a75a2f21-8d8c-4d41-9f12-ab5b5a0066ad"},"done":false}
[debug] [2025-08-05T09:26:08.702Z] [create-default-us-central1-api] Retrying task index 0
[debug] [2025-08-05T09:26:08.702Z] Checked if tokens are valid: true, expires at: 1754388825584
[debug] [2025-08-05T09:26:08.702Z] Checked if tokens are valid: true, expires at: 1754388825584
[debug] [2025-08-05T09:26:08.702Z] >>> [apiv2][query] GET https://cloudfunctions.googleapis.com/v2/projects/website-467415/locations/us-central1/operations/operation-1754385917083-63b9acd62ff87-2fab480c-7990bfed [none]
[debug] [2025-08-05T09:26:09.428Z] <<< [apiv2][status] GET https://cloudfunctions.googleapis.com/v2/projects/website-467415/locations/us-central1/operations/operation-1754385917083-63b9acd62ff87-2fab480c-7990bfed 200
[debug] [2025-08-05T09:26:09.429Z] <<< [apiv2][body] GET https://cloudfunctions.googleapis.com/v2/projects/website-467415/locations/us-central1/operations/operation-1754385917083-63b9acd62ff87-2fab480c-7990bfed {"name":"projects/website-467415/locations/us-central1/operations/operation-1754385917083-63b9acd62ff87-2fab480c-7990bfed","metadata":{"@type":"type.googleapis.com/google.cloud.functions.v2.OperationMetadata","createTime":"2025-08-05T09:25:17.691343162Z","target":"projects/website-467415/locations/us-central1/functions/api","verb":"create","cancelRequested":false,"apiVersion":"v2","requestResource":{"@type":"type.googleapis.com/google.cloud.functions.v2.Function","name":"projects/website-467415/locations/us-central1/functions/api","buildConfig":{"runtime":"nodejs22","entryPoint":"api","source":{"storageSource":{"bucket":"gcf-v2-sources-713525811205-us-central1","object":"api/function-source.zip","generation":"1754385917393029"}},"environmentVariables":{"GOOGLE_NODE_RUN_SCRIPTS":""},"serviceAccount":"projects/website-467415/serviceAccounts/713525811205-compute@developer.gserviceaccount.com","automaticUpdatePolicy":{}},"serviceConfig":{"service":"projects/website-467415/locations/us-central1/services/api","timeoutSeconds":60,"environmentVariables":{"FIREBASE_CONFIG":"{\"projectId\":\"website-467415\",\"storageBucket\":\"website-467415.firebasestorage.app\"}","GCLOUD_PROJECT":"website-467415","EVENTARC_CLOUD_EVENT_SOURCE":"projects/website-467415/locations/us-central1/services/api","FUNCTION_TARGET":"api","LOG_EXECUTION_ID":"true"},"ingressSettings":"ALLOW_ALL","serviceAccountEmail":"713525811205-compute@developer.gserviceaccount.com","availableMemory":"256Mi","maxInstanceRequestConcurrency":80,"availableCpu":"1"},"labels":{"deployment-tool":"cli-firebase","firebase-functions-hash":"22da2b4dff07417f874f753df45efc616b6237eb"},"environment":"GEN_2"},"stages":[{"name":"BUILD","message":"Build finished","state":"COMPLETE","resource":"projects/713525811205/locations/us-central1/builds/a75a2f21-8d8c-4d41-9f12-ab5b5a0066ad","resourceUri":"https://console.cloud.google.com/cloud-build/builds;region=us-central1/a75a2f21-8d8c-4d41-9f12-ab5b5a0066ad?project=713525811205"},{"name":"SERVICE","message":"Creating Cloud Run service","state":"IN_PROGRESS","resource":"projects/website-467415/locations/us-central1/services/api","resourceUri":"https://console.cloud.google.com/run/detail/us-central1/api?project=website-467415"}],"sourceToken":"Cldwcm9qZWN0cy83MTM1MjU4MTEyMDUvbG9jYXRpb25zL3VzLWNlbnRyYWwxL2J1aWxkcy9hNzVhMmYyMS04ZDhjLTRkNDEtOWYxMi1hYjViNWEwMDY2YWQSZHVzLWNlbnRyYWwxLWRvY2tlci5wa2cuZGV2L3dlYnNpdGUtNDY3NDE1L2djZi1hcnRpZmFjdHMvd2Vic2l0ZS0tNDY3NDE1X191cy0tY2VudHJhbDFfX2FwaTp2ZXJzaW9uXzEYhbDPi+IUIjtwcm9qZWN0cy93ZWJzaXRlLTQ2NzQxNS9sb2NhdGlvbnMvdXMtY2VudHJhbDEvZnVuY3Rpb25zL2FwaSoMCKycx8QGEOjM/8gBMghub2RlanMyMjp2CiNnY3IuaW8vZ2FlLXJ1bnRpbWVzL25vZGVqczIyOnN0YWJsZRJPdXMtY2VudHJhbDEtZG9ja2VyLnBrZy5kZXYvc2VydmVybGVzcy1ydW50aW1lcy9nb29nbGUtMjItZnVsbC9ydW50aW1lcy9ub2RlanMyMkAB","operationType":"CREATE_FUNCTION","buildName":"projects/713525811205/locations/us-central1/builds/a75a2f21-8d8c-4d41-9f12-ab5b5a0066ad"},"done":false}
[debug] [2025-08-05T09:26:09.429Z] Got source token Cldwcm9qZWN0cy83MTM1MjU4MTEyMDUvbG9jYXRpb25zL3VzLWNlbnRyYWwxL2J1aWxkcy9hNzVhMmYyMS04ZDhjLTRkNDEtOWYxMi1hYjViNWEwMDY2YWQSZHVzLWNlbnRyYWwxLWRvY2tlci5wa2cuZGV2L3dlYnNpdGUtNDY3NDE1L2djZi1hcnRpZmFjdHMvd2Vic2l0ZS0tNDY3NDE1X191cy0tY2VudHJhbDFfX2FwaTp2ZXJzaW9uXzEYhbDPi+IUIjtwcm9qZWN0cy93ZWJzaXRlLTQ2NzQxNS9sb2NhdGlvbnMvdXMtY2VudHJhbDEvZnVuY3Rpb25zL2FwaSoMCKycx8QGEOjM/8gBMghub2RlanMyMjp2CiNnY3IuaW8vZ2FlLXJ1bnRpbWVzL25vZGVqczIyOnN0YWJsZRJPdXMtY2VudHJhbDEtZG9ja2VyLnBrZy5kZXYvc2VydmVybGVzcy1ydW50aW1lcy9nb29nbGUtMjItZnVsbC9ydW50aW1lcy9ub2RlanMyMkAB for region us-central1
[debug] [2025-08-05T09:26:19.430Z] [create-default-us-central1-api] Retrying task index 0
[debug] [2025-08-05T09:26:19.431Z] Checked if tokens are valid: true, expires at: 1754388825584
[debug] [2025-08-05T09:26:19.431Z] Checked if tokens are valid: true, expires at: 1754388825584
[debug] [2025-08-05T09:26:19.431Z] >>> [apiv2][query] GET https://cloudfunctions.googleapis.com/v2/projects/website-467415/locations/us-central1/operations/operation-1754385917083-63b9acd62ff87-2fab480c-7990bfed [none]
[debug] [2025-08-05T09:26:20.166Z] <<< [apiv2][status] GET https://cloudfunctions.googleapis.com/v2/projects/website-467415/locations/us-central1/operations/operation-1754385917083-63b9acd62ff87-2fab480c-7990bfed 200
[debug] [2025-08-05T09:26:20.166Z] <<< [apiv2][body] GET https://cloudfunctions.googleapis.com/v2/projects/website-467415/locations/us-central1/operations/operation-1754385917083-63b9acd62ff87-2fab480c-7990bfed {"name":"projects/website-467415/locations/us-central1/operations/operation-1754385917083-63b9acd62ff87-2fab480c-7990bfed","metadata":{"@type":"type.googleapis.com/google.cloud.functions.v2.OperationMetadata","createTime":"2025-08-05T09:25:17.691343162Z","endTime":"2025-08-05T09:26:14.367501557Z","target":"projects/website-467415/locations/us-central1/functions/api","verb":"create","cancelRequested":false,"apiVersion":"v2","requestResource":{"@type":"type.googleapis.com/google.cloud.functions.v2.Function","name":"projects/website-467415/locations/us-central1/functions/api","buildConfig":{"runtime":"nodejs22","entryPoint":"api","source":{"storageSource":{"bucket":"gcf-v2-sources-713525811205-us-central1","object":"api/function-source.zip","generation":"1754385917393029"}},"environmentVariables":{"GOOGLE_NODE_RUN_SCRIPTS":""},"serviceAccount":"projects/website-467415/serviceAccounts/713525811205-compute@developer.gserviceaccount.com","automaticUpdatePolicy":{}},"serviceConfig":{"service":"projects/website-467415/locations/us-central1/services/api","timeoutSeconds":60,"environmentVariables":{"FIREBASE_CONFIG":"{\"projectId\":\"website-467415\",\"storageBucket\":\"website-467415.firebasestorage.app\"}","GCLOUD_PROJECT":"website-467415","EVENTARC_CLOUD_EVENT_SOURCE":"projects/website-467415/locations/us-central1/services/api","FUNCTION_TARGET":"api","LOG_EXECUTION_ID":"true"},"ingressSettings":"ALLOW_ALL","serviceAccountEmail":"713525811205-compute@developer.gserviceaccount.com","availableMemory":"256Mi","maxInstanceRequestConcurrency":80,"availableCpu":"1"},"labels":{"deployment-tool":"cli-firebase","firebase-functions-hash":"22da2b4dff07417f874f753df45efc616b6237eb"},"environment":"GEN_2"},"stages":[{"name":"ARTIFACT_REGISTRY","message":"Deleting function artifacts in Artifact Registry","state":"COMPLETE"},{"name":"SERVICE","message":"Deleting Cloud Run service","state":"COMPLETE","resource":"projects/website-467415/locations/us-central1/services/api"}],"operationType":"CREATE_FUNCTION"},"done":true,"error":{"code":3,"message":"Could not create or update Cloud Run service api, Container Healthcheck failed. Revision 'api-00001-jed' is not ready and cannot serve traffic. The user-provided container failed to start and listen on the port defined provided by the PORT=8080 environment variable within the allocated timeout. This can happen when the container port is misconfigured or if the timeout is too short. The health check timeout can be extended. Logs for this revision might contain more information.\n\nLogs URL: https://console.cloud.google.com/logs/viewer?project=website-467415&resource=cloud_run_revision/service_name/api/revision_name/api-00001-jed&advancedFilter=resource.type%3D%22cloud_run_revision%22%0Aresource.labels.service_name%3D%22api%22%0Aresource.labels.revision_name%3D%22api-00001-jed%22 \nFor more troubleshooting guidance, see https://cloud.google.com/run/docs/troubleshooting#container-failed-to-start"}}
[debug] [2025-08-05T09:26:20.166Z] Got source token undefined for region us-central1
[error] Could not create or update Cloud Run service api, Container Healthcheck failed. Revision 'api-00001-jed' is not ready and cannot serve traffic. The user-provided container failed to start and listen on the port defined provided by the PORT=8080 environment variable within the allocated timeout. This can happen when the container port is misconfigured or if the timeout is too short. The health check timeout can be extended. Logs for this revision might contain more information.

Logs URL: https://console.cloud.google.com/logs/viewer?project=website-467415&resource=cloud_run_revision/service_name/api/revision_name/api-00001-jed&advancedFilter=resource.type%3D%22cloud_run_revision%22%0Aresource.labels.service_name%3D%22api%22%0Aresource.labels.revision_name%3D%22api-00001-jed%22 
For more troubleshooting guidance, see https://cloud.google.com/run/docs/troubleshooting#container-failed-to-start
[debug] [2025-08-05T09:26:20.168Z] Total Function Deployment time: 63272
[debug] [2025-08-05T09:26:20.168Z] 1 Functions Deployed
[debug] [2025-08-05T09:26:20.168Z] 1 Functions Errored
[debug] [2025-08-05T09:26:20.168Z] 0 Function Deployments Aborted
[debug] [2025-08-05T09:26:20.168Z] Average Function Deployment time: 63272
[info] 
[info] Functions deploy had errors with the following functions:
	api(us-central1)
[debug] [2025-08-05T09:26:20.169Z] Not printing URL for HTTPS function. Typically this means it didn't match a filter or we failed deployment
[debug] [2025-08-05T09:26:20.169Z] Checked if tokens are valid: true, expires at: 1754388825584
[debug] [2025-08-05T09:26:20.169Z] Checked if tokens are valid: true, expires at: 1754388825584
[debug] [2025-08-05T09:26:20.169Z] >>> [apiv2][query] GET https://artifactregistry.googleapis.com/v1/projects/website-467415/locations/us-central1/repositories/gcf-artifacts [none]
[debug] [2025-08-05T09:26:20.927Z] <<< [apiv2][status] GET https://artifactregistry.googleapis.com/v1/projects/website-467415/locations/us-central1/repositories/gcf-artifacts 200
[debug] [2025-08-05T09:26:20.927Z] <<< [apiv2][body] GET https://artifactregistry.googleapis.com/v1/projects/website-467415/locations/us-central1/repositories/gcf-artifacts {"name":"projects/website-467415/locations/us-central1/repositories/gcf-artifacts","format":"DOCKER","description":"This repository is created and used by Cloud Functions for storing function docker images.","labels":{"goog-managed-by":"cloudfunctions"},"createTime":"2025-08-03T18:03:03.044549Z","updateTime":"2025-08-05T09:26:14.207098Z","mode":"STANDARD_REPOSITORY","sizeBytes":"86329101","vulnerabilityScanningConfig":{"lastEnableTime":"2025-08-03T18:02:55.844640616Z","enablementState":"SCANNING_DISABLED","enablementStateReason":"API containerscanning.googleapis.com is not enabled."},"satisfiesPzi":true,"registryUri":"us-central1-docker.pkg.dev/website-467415/gcf-artifacts"}
[warn] !  functions: No cleanup policy detected for repositories in us-central1. This may result in a small monthly bill as container images accumulate over time. 
[info] i  functions: Configuring cleanup policy for repository in us-central1. Images older than 7 days will be automatically deleted. 
[debug] [2025-08-05T09:27:21.713Z] Setting up artifact cleanup policy for region us-central1
[debug] [2025-08-05T09:27:21.714Z] Checked if tokens are valid: true, expires at: 1754388825584
[debug] [2025-08-05T09:27:21.714Z] Checked if tokens are valid: true, expires at: 1754388825584
[debug] [2025-08-05T09:27:21.715Z] >>> [apiv2][query] PATCH https://artifactregistry.googleapis.com/v1/projects/website-467415/locations/us-central1/repositories/gcf-artifacts updateMask=name%2CcleanupPolicies%2CcleanupPolicyDryRun%2Clabels
[debug] [2025-08-05T09:27:21.715Z] >>> [apiv2][body] PATCH https://artifactregistry.googleapis.com/v1/projects/website-467415/locations/us-central1/repositories/gcf-artifacts {"name":"projects/website-467415/locations/us-central1/repositories/gcf-artifacts","cleanupPolicies":{"firebase-functions-cleanup":{"id":"firebase-functions-cleanup","condition":{"tagState":"ANY","olderThan":"604800s"},"action":"DELETE"}},"cleanupPolicyDryRun":false,"labels":{"goog-managed-by":"cloudfunctions"}}
[debug] [2025-08-05T09:27:22.461Z] <<< [apiv2][status] PATCH https://artifactregistry.googleapis.com/v1/projects/website-467415/locations/us-central1/repositories/gcf-artifacts 200
[debug] [2025-08-05T09:27:22.461Z] <<< [apiv2][body] PATCH https://artifactregistry.googleapis.com/v1/projects/website-467415/locations/us-central1/repositories/gcf-artifacts {"name":"projects/website-467415/locations/us-central1/repositories/gcf-artifacts","format":"DOCKER","description":"This repository is created and used by Cloud Functions for storing function docker images.","labels":{"goog-managed-by":"cloudfunctions"},"createTime":"2025-08-03T18:03:03.044549Z","updateTime":"2025-08-05T09:27:22.448554Z","mode":"STANDARD_REPOSITORY","cleanupPolicies":{"firebase-functions-cleanup":{"id":"firebase-functions-cleanup","action":"DELETE","condition":{"tagState":"ANY","olderThan":"604800s"}}},"vulnerabilityScanningConfig":{"lastEnableTime":"2025-08-03T18:02:55.844640616Z","enablementState":"SCANNING_DISABLED","enablementStateReason":"API containerscanning.googleapis.com is not enabled."},"satisfiesPzi":true}
[info] i  functions: Configured cleanup policy for repository in us-central1. 
[debug] [2025-08-05T09:27:22.462Z] Functions deploy failed.
[debug] [2025-08-05T09:27:22.462Z] {
  "endpoint": {
    "id": "api",
    "project": "website-467415",
    "region": "us-central1",
    "entryPoint": "api",
    "platform": "gcfv2",
    "runtime": "nodejs22",
    "httpsTrigger": {},
    "labels": {
      "deployment-tool": "cli-firebase"
    },
    "serviceAccount": null,
    "ingressSettings": null,
    "availableMemoryMb": null,
    "timeoutSeconds": null,
    "maxInstances": null,
    "minInstances": null,
    "concurrency": 80,
    "vpc": null,
    "environmentVariables": {
      "FIREBASE_CONFIG": "{\"projectId\":\"website-467415\",\"storageBucket\":\"website-467415.firebasestorage.app\"}",
      "GCLOUD_PROJECT": "website-467415",
      "EVENTARC_CLOUD_EVENT_SOURCE": "projects/website-467415/locations/us-central1/services/api"
    },
    "codebase": "default",
    "cpu": 1,
    "targetedByOnly": false,
    "hash": "22da2b4dff07417f874f753df45efc616b6237eb"
  },
  "op": "create",
  "original": {
    "name": "FirebaseError",
    "children": [],
    "exit": 1,
    "message": "Could not create or update Cloud Run service api, Container Healthcheck failed. Revision 'api-00001-jed' is not ready and cannot serve traffic. The user-provided container failed to start and listen on the port defined provided by the PORT=8080 environment variable within the allocated timeout. This can happen when the container port is misconfigured or if the timeout is too short. The health check timeout can be extended. Logs for this revision might contain more information.\n\nLogs URL: https://console.cloud.google.com/logs/viewer?project=website-467415&resource=cloud_run_revision/service_name/api/revision_name/api-00001-jed&advancedFilter=resource.type%3D%22cloud_run_revision%22%0Aresource.labels.service_name%3D%22api%22%0Aresource.labels.revision_name%3D%22api-00001-jed%22 \nFor more troubleshooting guidance, see https://cloud.google.com/run/docs/troubleshooting#container-failed-to-start",
    "original": {
      "code": 3,
      "message": "Could not create or update Cloud Run service api, Container Healthcheck failed. Revision 'api-00001-jed' is not ready and cannot serve traffic. The user-provided container failed to start and listen on the port defined provided by the PORT=8080 environment variable within the allocated timeout. This can happen when the container port is misconfigured or if the timeout is too short. The health check timeout can be extended. Logs for this revision might contain more information.\n\nLogs URL: https://console.cloud.google.com/logs/viewer?project=website-467415&resource=cloud_run_revision/service_name/api/revision_name/api-00001-jed&advancedFilter=resource.type%3D%22cloud_run_revision%22%0Aresource.labels.service_name%3D%22api%22%0Aresource.labels.revision_name%3D%22api-00001-jed%22 \nFor more troubleshooting guidance, see https://cloud.google.com/run/docs/troubleshooting#container-failed-to-start"
    },
    "status": 3,
    "code": 3
  }
}
[debug] [2025-08-05T09:27:22.463Z] Error: Failed to create function api in region us-central1
    at C:\Users\honya\AppData\Roaming\npm\node_modules\firebase-tools\lib\deploy\functions\release\fabricator.js:294:27
    at process.processTicksAndRejections (node:internal/process/task_queues:105:5)
    at async Fabricator.createV2Function (C:\Users\honya\AppData\Roaming\npm\node_modules\firebase-tools\lib\deploy\functions\release\fabricator.js:278:30)
    at async Fabricator.createEndpoint (C:\Users\honya\AppData\Roaming\npm\node_modules\firebase-tools\lib\deploy\functions\release\fabricator.js:137:13)
    at async handle (C:\Users\honya\AppData\Roaming\npm\node_modules\firebase-tools\lib\deploy\functions\release\fabricator.js:89:17)
[error] 
[error] Error: There was an error deploying functions
